<?xml version="1.0" encoding="UTF-8"?>
<!-- Generated by org.testng.reporters.JUnitReportReporter -->
<testsuite skipped="0" hostname="DESKTOP-R403KF9" name="test.VerifyIssueDate" tests="1" failures="0" timestamp="23 May 2017 13:30:09 GMT" time="4.928" errors="0">
  <testcase name="testVerifyBuildNumber" time="4.928" classname="test.VerifyIssueDate"/>
</testsuite> <!-- test.VerifyIssueDate -->
