<?xml version="1.0" encoding="UTF-8"?>
<!-- Generated by org.testng.reporters.JUnitReportReporter -->
<testsuite skipped="0" hostname="DESKTOP-R403KF9" name="test.VerifyVersion" tests="1" failures="0" timestamp="23 May 2017 13:30:09 GMT" time="4.846" errors="0">
  <testcase name="testVersion" time="4.846" classname="test.VerifyVersion"/>
</testsuite> <!-- test.VerifyVersion -->
